mode: set
github.com/dylan/spcstr/internal/hooks/executor.go:11.74,13.39 1 1
github.com/dylan/spcstr/internal/hooks/executor.go:13.39,15.3 1 1
github.com/dylan/spcstr/internal/hooks/executor.go:18.2,19.16 2 1
github.com/dylan/spcstr/internal/hooks/executor.go:19.16,21.3 1 0
github.com/dylan/spcstr/internal/hooks/executor.go:23.2,24.16 2 1
github.com/dylan/spcstr/internal/hooks/executor.go:24.16,26.3 1 0
github.com/dylan/spcstr/internal/hooks/executor.go:27.2,27.15 1 1
github.com/dylan/spcstr/internal/hooks/executor.go:27.15,29.3 1 1
github.com/dylan/spcstr/internal/hooks/executor.go:32.2,34.58 3 1
github.com/dylan/spcstr/internal/hooks/executor.go:34.58,35.53 1 1
github.com/dylan/spcstr/internal/hooks/executor.go:35.53,37.4 1 1
github.com/dylan/spcstr/internal/hooks/executor.go:41.2,45.94 3 1
github.com/dylan/spcstr/internal/hooks/executor.go:45.94,48.3 1 0
github.com/dylan/spcstr/internal/hooks/executor.go:50.2,50.12 1 1
github.com/dylan/spcstr/internal/hooks/executor.go:54.44,59.2 3 1
github.com/dylan/spcstr/internal/hooks/executor.go:62.34,64.16 2 1
github.com/dylan/spcstr/internal/hooks/executor.go:64.16,66.3 1 1
github.com/dylan/spcstr/internal/hooks/executor.go:67.2,67.21 1 1
github.com/dylan/spcstr/internal/hooks/init.go:6.27,16.2 9 1
github.com/dylan/spcstr/internal/hooks/init.go:18.13,20.2 1 1
github.com/dylan/spcstr/internal/hooks/logger.go:28.34,30.2 1 1
github.com/dylan/spcstr/internal/hooks/logger.go:33.102,48.65 5 1
github.com/dylan/spcstr/internal/hooks/logger.go:48.65,50.3 1 0
github.com/dylan/spcstr/internal/hooks/logger.go:52.2,52.42 1 1
github.com/dylan/spcstr/internal/hooks/logger.go:56.77,65.51 5 1
github.com/dylan/spcstr/internal/hooks/logger.go:65.51,66.63 1 0
github.com/dylan/spcstr/internal/hooks/logger.go:66.63,68.4 1 0
github.com/dylan/spcstr/internal/hooks/logger.go:72.2,76.16 3 1
github.com/dylan/spcstr/internal/hooks/logger.go:76.16,78.3 1 0
github.com/dylan/spcstr/internal/hooks/logger.go:81.2,82.12 2 1
github.com/dylan/spcstr/internal/hooks/logger.go:82.12,84.3 1 1
github.com/dylan/spcstr/internal/hooks/logger.go:86.2,86.9 1 1
github.com/dylan/spcstr/internal/hooks/logger.go:87.21,88.17 1 1
github.com/dylan/spcstr/internal/hooks/logger.go:88.17,90.4 1 0
github.com/dylan/spcstr/internal/hooks/logger.go:91.20,92.46 1 0
github.com/dylan/spcstr/internal/hooks/logger.go:96.2,96.53 1 1
github.com/dylan/spcstr/internal/hooks/logger.go:96.53,99.3 2 0
github.com/dylan/spcstr/internal/hooks/logger.go:101.2,101.12 1 1
github.com/dylan/spcstr/internal/hooks/registry.go:21.34,25.2 1 1
github.com/dylan/spcstr/internal/hooks/registry.go:28.54,32.2 3 1
github.com/dylan/spcstr/internal/hooks/registry.go:35.65,40.13 4 1
github.com/dylan/spcstr/internal/hooks/registry.go:40.13,42.3 1 1
github.com/dylan/spcstr/internal/hooks/registry.go:44.2,44.31 1 1
github.com/dylan/spcstr/internal/hooks/registry.go:48.68,53.2 4 1
github.com/dylan/spcstr/internal/hooks/registry.go:56.45,61.31 4 1
github.com/dylan/spcstr/internal/hooks/registry.go:61.31,63.3 1 1
github.com/dylan/spcstr/internal/hooks/registry.go:64.2,64.14 1 1
